<?xml version="1.0" encoding="UTF-8"?>
<!-- Generated by org.testng.reporters.JUnitReportReporter -->
<testsuite hostname="DESKTOP-9MQS8MJ" failures="0" tests="4" name="api.test.UserTests2" time="3.348" errors="0" timestamp="2025-05-17T18:17:57 IST" skipped="0">
  <testcase classname="api.test.UserTests2" name="postUser" time="2.832"/>
  <testcase classname="api.test.UserTests2" name="getUserById" time="0.168"/>
  <testcase classname="api.test.UserTests2" name="updateUser" time="0.128"/>
  <testcase classname="api.test.UserTests2" name="deleteUser" time="0.220"/>
</testsuite> <!-- api.test.UserTests2 -->
