<?xml version="1.0" encoding="UTF-8"?>
<!-- Generated by org.testng.reporters.JUnitReportReporter -->
<testsuite hostname="DESKTOP-9MQS8MJ" failures="0" tests="4" name="api.test.DataDrivenTesting" time="3.412" errors="0" timestamp="2025-05-17T17:14:20 IST" skipped="0">
  <testcase classname="api.test.DataDrivenTesting" name="createUser" time="0.160"/>
  <testcase classname="api.test.DataDrivenTesting" name="createUser" time="2.662"/>
  <testcase classname="api.test.DataDrivenTesting" name="createUser" time="0.161"/>
  <testcase classname="api.test.DataDrivenTesting" name="deleteUsers" time="0.429"/>
</testsuite> <!-- api.test.DataDrivenTesting -->
