<?xml version="1.0" encoding="UTF-8"?>
<!-- Generated by org.testng.reporters.JUnitReportReporter -->
<testsuite hostname="DESKTOP-9MQS8MJ" failures="0" tests="4" name="api.test.UserTests" time="3.452" errors="0" timestamp="2025-05-17T17:56:37 IST" skipped="0">
  <testcase classname="api.test.UserTests" name="postUser" time="2.994"/>
  <testcase classname="api.test.UserTests" name="getUserById" time="0.182"/>
  <testcase classname="api.test.UserTests" name="updateUser" time="0.130"/>
  <testcase classname="api.test.UserTests" name="deleteUser" time="0.146"/>
</testsuite> <!-- api.test.UserTests -->
