<?xml version="1.0" encoding="UTF-8"?>
<!-- Generated by org.testng.reporters.JUnitReportReporter -->
<testsuite hostname="DESKTOP-9MQS8MJ" failures="0" tests="4" name="api.test.UserTests2" time="4.073" errors="0" timestamp="2025-05-17T18:34:37 IST" skipped="0">
  <testcase classname="api.test.UserTests2" name="postUser" time="3.585"/>
  <testcase classname="api.test.UserTests2" name="getUserById" time="0.211"/>
  <testcase classname="api.test.UserTests2" name="updateUser" time="0.128"/>
  <testcase classname="api.test.UserTests2" name="deleteUser" time="0.149"/>
</testsuite> <!-- api.test.UserTests2 -->
